haha-19 id=31 state=RUNNABLE deamon=true priority=5 cpu[total=93ms,user=93ms]
    at com.xcxcxcxcx.mini.tools.thread.ThreadManagerTest.lambda$createAndGetThreadInfo$1(ThreadManagerTest.java:32)
    at com.xcxcxcxcx.mini.tools.thread.ThreadManagerTest$$Lambda$2/329645619.run(Unknown Source)
    at java.lang.Thread.run(Thread.java:745)

haha-12 id=24 state=RUNNABLE deamon=true priority=5 cpu[total=62ms,user=62ms]
    at com.xcxcxcxcx.mini.tools.thread.ThreadManagerTest.lambda$createAndGetThreadInfo$1(ThreadManagerTest.java:32)
    at com.xcxcxcxcx.mini.tools.thread.ThreadManagerTest$$Lambda$2/329645619.run(Unknown Source)
    at java.lang.Thread.run(Thread.java:745)

jvm-jstack-dump-21 id=33 state=RUNNABLE deamon=true priority=5 cpu[total=15ms,user=0ms]
    at java.lang.Thread.dumpThreads(Native Method)
    at java.lang.Thread.getAllStackTraces(Thread.java:1603)
    at com.xcxcxcxcx.mini.tools.monitor.jvm.JVMUtils.jstack(JVMUtils.java:132)
    at com.xcxcxcxcx.mini.tools.monitor.jvm.JVMUtils.doDumpJstack(JVMUtils.java:118)
    at com.xcxcxcxcx.mini.tools.monitor.jvm.JVMUtils.lambda$doDump$0(JVMUtils.java:80)
    at com.xcxcxcxcx.mini.tools.monitor.jvm.JVMUtils$$Lambda$3/182259421.run(Unknown Source)
    at java.lang.Thread.run(Thread.java:745)

xc-2 id=14 state=RUNNABLE deamon=true priority=5 cpu[total=359ms,user=359ms]
    at com.xcxcxcxcx.mini.tools.thread.ThreadManagerTest.lambda$createAndGetThreadInfo$0(ThreadManagerTest.java:24)
    at com.xcxcxcxcx.mini.tools.thread.ThreadManagerTest$$Lambda$1/1900164709.run(Unknown Source)
    at java.lang.Thread.run(Thread.java:745)

xc-4 id=16 state=RUNNABLE deamon=true priority=5 cpu[total=406ms,user=406ms]
    at com.xcxcxcxcx.mini.tools.thread.ThreadManagerTest.lambda$createAndGetThreadInfo$0(ThreadManagerTest.java:24)
    at com.xcxcxcxcx.mini.tools.thread.ThreadManagerTest$$Lambda$1/1900164709.run(Unknown Source)
    at java.lang.Thread.run(Thread.java:745)

haha-17 id=29 state=RUNNABLE deamon=true priority=5 cpu[total=93ms,user=93ms]
    at com.xcxcxcxcx.mini.tools.thread.ThreadManagerTest.lambda$createAndGetThreadInfo$1(ThreadManagerTest.java:32)
    at com.xcxcxcxcx.mini.tools.thread.ThreadManagerTest$$Lambda$2/329645619.run(Unknown Source)
    at java.lang.Thread.run(Thread.java:745)

xc-7 id=19 state=RUNNABLE deamon=true priority=5 cpu[total=203ms,user=203ms]
    at com.xcxcxcxcx.mini.tools.thread.ThreadManagerTest.lambda$createAndGetThreadInfo$0(ThreadManagerTest.java:24)
    at com.xcxcxcxcx.mini.tools.thread.ThreadManagerTest$$Lambda$1/1900164709.run(Unknown Source)
    at java.lang.Thread.run(Thread.java:745)

Signal Dispatcher id=4 state=RUNNABLE deamon=true priority=9 cpu[total=0ms,user=0ms]

xc-1 id=13 state=RUNNABLE deamon=true priority=5 cpu[total=375ms,user=375ms]
    at com.xcxcxcxcx.mini.tools.thread.ThreadManagerTest.lambda$createAndGetThreadInfo$0(ThreadManagerTest.java:24)
    at com.xcxcxcxcx.mini.tools.thread.ThreadManagerTest$$Lambda$1/1900164709.run(Unknown Source)
    at java.lang.Thread.run(Thread.java:745)

xc-10 id=22 state=RUNNABLE deamon=true priority=5 cpu[total=93ms,user=93ms]
    at com.xcxcxcxcx.mini.tools.thread.ThreadManagerTest.lambda$createAndGetThreadInfo$0(ThreadManagerTest.java:24)
    at com.xcxcxcxcx.mini.tools.thread.ThreadManagerTest$$Lambda$1/1900164709.run(Unknown Source)
    at java.lang.Thread.run(Thread.java:745)

Reference Handler id=2 state=WAITING deamon=true priority=10 cpu[total=0ms,user=0ms]
    - waiting on <0x59b8d449> (a java.lang.ref.Reference$Lock)
    - locked <0x59b8d449> (a java.lang.ref.Reference$Lock)
    at java.lang.Object.wait(Native Method)
    at java.lang.Object.wait(Object.java:502)
    at java.lang.ref.Reference$ReferenceHandler.run(Reference.java:157)

xc-8 id=20 state=RUNNABLE deamon=true priority=5 cpu[total=203ms,user=203ms]
    at com.xcxcxcxcx.mini.tools.thread.ThreadManagerTest.lambda$createAndGetThreadInfo$0(ThreadManagerTest.java:24)
    at com.xcxcxcxcx.mini.tools.thread.ThreadManagerTest$$Lambda$1/1900164709.run(Unknown Source)
    at java.lang.Thread.run(Thread.java:745)

haha-15 id=27 state=RUNNABLE deamon=true priority=5 cpu[total=62ms,user=62ms]
    at com.xcxcxcxcx.mini.tools.thread.ThreadManagerTest.lambda$createAndGetThreadInfo$1(ThreadManagerTest.java:32)
    at com.xcxcxcxcx.mini.tools.thread.ThreadManagerTest$$Lambda$2/329645619.run(Unknown Source)
    at java.lang.Thread.run(Thread.java:745)

haha-14 id=26 state=RUNNABLE deamon=true priority=5 cpu[total=93ms,user=93ms]
    at com.xcxcxcxcx.mini.tools.thread.ThreadManagerTest.lambda$createAndGetThreadInfo$1(ThreadManagerTest.java:32)
    at com.xcxcxcxcx.mini.tools.thread.ThreadManagerTest$$Lambda$2/329645619.run(Unknown Source)
    at java.lang.Thread.run(Thread.java:745)

xc-6 id=18 state=RUNNABLE deamon=true priority=5 cpu[total=250ms,user=250ms]
    at com.xcxcxcxcx.mini.tools.thread.ThreadManagerTest.lambda$createAndGetThreadInfo$0(ThreadManagerTest.java:24)
    at com.xcxcxcxcx.mini.tools.thread.ThreadManagerTest$$Lambda$1/1900164709.run(Unknown Source)
    at java.lang.Thread.run(Thread.java:745)

jvm-jmap-dump-22 id=34 state=RUNNABLE deamon=true priority=5 cpu[total=78ms,user=62ms]
    at javax.management.MBeanServerInvocationHandler.findMXBeanProxy(MBeanServerInvocationHandler.java:329)
    at javax.management.MBeanServerInvocationHandler.invoke(MBeanServerInvocationHandler.java:257)
    at com.sun.proxy.$Proxy3.dumpHeap(Unknown Source)
    at com.xcxcxcxcx.mini.tools.monitor.jvm.JVMUtils.doDumpJmap(JVMUtils.java:101)
    at com.xcxcxcxcx.mini.tools.monitor.jvm.JVMUtils.lambda$doDump$1(JVMUtils.java:83)
    at com.xcxcxcxcx.mini.tools.monitor.jvm.JVMUtils$$Lambda$4/2124643775.run(Unknown Source)
    at java.lang.Thread.run(Thread.java:745)

xc-3 id=15 state=RUNNABLE deamon=true priority=5 cpu[total=343ms,user=343ms]
    at com.xcxcxcxcx.mini.tools.thread.ThreadManagerTest.lambda$createAndGetThreadInfo$0(ThreadManagerTest.java:24)
    at com.xcxcxcxcx.mini.tools.thread.ThreadManagerTest$$Lambda$1/1900164709.run(Unknown Source)
    at java.lang.Thread.run(Thread.java:745)

Finalizer id=3 state=WAITING deamon=true priority=8 cpu[total=0ms,user=0ms]
    - waiting on <0x457e88f6> (a java.lang.ref.ReferenceQueue$Lock)
    - locked <0x457e88f6> (a java.lang.ref.ReferenceQueue$Lock)
    at java.lang.Object.wait(Native Method)
    at java.lang.ref.ReferenceQueue.remove(ReferenceQueue.java:143)
    at java.lang.ref.ReferenceQueue.remove(ReferenceQueue.java:164)
    at java.lang.ref.Finalizer$FinalizerThread.run(Finalizer.java:209)

haha-13 id=25 state=RUNNABLE deamon=true priority=5 cpu[total=62ms,user=62ms]
    at com.xcxcxcxcx.mini.tools.thread.ThreadManagerTest.lambda$createAndGetThreadInfo$1(ThreadManagerTest.java:32)
    at com.xcxcxcxcx.mini.tools.thread.ThreadManagerTest$$Lambda$2/329645619.run(Unknown Source)
    at java.lang.Thread.run(Thread.java:745)

xc-9 id=21 state=RUNNABLE deamon=true priority=5 cpu[total=218ms,user=218ms]
    at com.xcxcxcxcx.mini.tools.thread.ThreadManagerTest.lambda$createAndGetThreadInfo$0(ThreadManagerTest.java:24)
    at com.xcxcxcxcx.mini.tools.thread.ThreadManagerTest$$Lambda$1/1900164709.run(Unknown Source)
    at java.lang.Thread.run(Thread.java:745)

haha-20 id=32 state=RUNNABLE deamon=true priority=5 cpu[total=93ms,user=93ms]
    at com.xcxcxcxcx.mini.tools.thread.ThreadManagerTest.lambda$createAndGetThreadInfo$1(ThreadManagerTest.java:32)
    at com.xcxcxcxcx.mini.tools.thread.ThreadManagerTest$$Lambda$2/329645619.run(Unknown Source)
    at java.lang.Thread.run(Thread.java:745)

haha-11 id=23 state=RUNNABLE deamon=true priority=5 cpu[total=93ms,user=93ms]
    at com.xcxcxcxcx.mini.tools.thread.ThreadManagerTest.lambda$createAndGetThreadInfo$1(ThreadManagerTest.java:32)
    at com.xcxcxcxcx.mini.tools.thread.ThreadManagerTest$$Lambda$2/329645619.run(Unknown Source)
    at java.lang.Thread.run(Thread.java:745)

haha-16 id=28 state=RUNNABLE deamon=true priority=5 cpu[total=78ms,user=78ms]
    at com.xcxcxcxcx.mini.tools.thread.ThreadManagerTest.lambda$createAndGetThreadInfo$1(ThreadManagerTest.java:32)
    at com.xcxcxcxcx.mini.tools.thread.ThreadManagerTest$$Lambda$2/329645619.run(Unknown Source)
    at java.lang.Thread.run(Thread.java:745)

Attach Listener id=5 state=RUNNABLE deamon=true priority=5 cpu[total=0ms,user=0ms]

main id=1 state=TIMED_WAITING deamon=false priority=5 cpu[total=640ms,user=437ms]
    at java.lang.Thread.sleep(Native Method)
    at com.xcxcxcxcx.mini.tools.thread.ThreadManagerTest.createAndGetThreadInfo(ThreadManagerTest.java:50)
    at sun.reflect.NativeMethodAccessorImpl.invoke0(Native Method)
    at sun.reflect.NativeMethodAccessorImpl.invoke(NativeMethodAccessorImpl.java:62)
    at sun.reflect.DelegatingMethodAccessorImpl.invoke(DelegatingMethodAccessorImpl.java:43)
    at java.lang.reflect.Method.invoke(Method.java:497)
    at org.junit.runners.model.FrameworkMethod$1.runReflectiveCall(FrameworkMethod.java:45)
    at org.junit.internal.runners.model.ReflectiveCallable.run(ReflectiveCallable.java:15)
    at org.junit.runners.model.FrameworkMethod.invokeExplosively(FrameworkMethod.java:42)
    at org.junit.internal.runners.statements.InvokeMethod.evaluate(InvokeMethod.java:20)
    at org.junit.runners.ParentRunner.runLeaf(ParentRunner.java:263)
    at org.junit.runners.BlockJUnit4ClassRunner.runChild(BlockJUnit4ClassRunner.java:68)
    at org.junit.runners.BlockJUnit4ClassRunner.runChild(BlockJUnit4ClassRunner.java:47)
    at org.junit.runners.ParentRunner$3.run(ParentRunner.java:231)
    at org.junit.runners.ParentRunner$1.schedule(ParentRunner.java:60)
    at org.junit.runners.ParentRunner.runChildren(ParentRunner.java:229)
    at org.junit.runners.ParentRunner.access$000(ParentRunner.java:50)
    at org.junit.runners.ParentRunner$2.evaluate(ParentRunner.java:222)
    at org.junit.runners.ParentRunner.run(ParentRunner.java:300)
    at org.junit.runner.JUnitCore.run(JUnitCore.java:157)
    at com.intellij.junit4.JUnit4IdeaTestRunner.startRunnerWithArgs(JUnit4IdeaTestRunner.java:68)
    at com.intellij.rt.execution.junit.IdeaTestRunner$Repeater.startRunnerWithArgs(IdeaTestRunner.java:51)
    at com.intellij.rt.execution.junit.JUnitStarter.prepareStreamsAndStart(JUnitStarter.java:237)
    at com.intellij.rt.execution.junit.JUnitStarter.main(JUnitStarter.java:70)

xc-5 id=17 state=RUNNABLE deamon=true priority=5 cpu[total=375ms,user=375ms]
    at com.xcxcxcxcx.mini.tools.thread.ThreadManagerTest.lambda$createAndGetThreadInfo$0(ThreadManagerTest.java:24)
    at com.xcxcxcxcx.mini.tools.thread.ThreadManagerTest$$Lambda$1/1900164709.run(Unknown Source)
    at java.lang.Thread.run(Thread.java:745)

haha-18 id=30 state=RUNNABLE deamon=true priority=5 cpu[total=93ms,user=93ms]
    at com.xcxcxcxcx.mini.tools.thread.ThreadManagerTest.lambda$createAndGetThreadInfo$1(ThreadManagerTest.java:32)
    at com.xcxcxcxcx.mini.tools.thread.ThreadManagerTest$$Lambda$2/329645619.run(Unknown Source)
    at java.lang.Thread.run(Thread.java:745)

