                                                                               costly                                                                                         
==========================================================================================================================================================================
            name                ||            start               ||            end                 ||            duration            ||            parent              ||


                                                                               costly                                                                                         
==========================================================================================================================================================================
            name                ||            start               ||            end                 ||            duration            ||            parent              ||
            costTest            ||            2018-11-29 05:36:53 ||            2018-11-29 05:36:53 ||            101                 ||            NULL                ||


                                                                               costly                                                                                         
==========================================================================================================================================================================
            name                ||            start               ||            end                 ||            duration            ||            parent              ||
            costTest            ||            2018-11-29 05:37:01 ||            2018-11-29 05:37:01 ||            102                 ||            NULL                ||


                                                                               costly                                                                                         
==========================================================================================================================================================================
            name                ||            start               ||            end                 ||            duration            ||            parent              ||
            costTest            ||            2018-11-30 10:05:39 ||            2018-11-30 10:05:39 ||            118                 ||            NULL                ||


                                                                               costly                                                                                         
==========================================================================================================================================================================
            name                ||            start               ||            end                 ||            duration            ||            parent              ||
            costTest2           ||            1970-01-01 08:00:00 ||            2018-11-30 10:07:59 ||            1543543679641       ||            costTest            ||
            costTest            ||            2018-11-30 10:07:59 ||            2018-11-30 10:07:59 ||            103                 ||            NULL                ||


                                                                               costly                                                                                         
==========================================================================================================================================================================
            name                ||            start               ||            end                 ||            duration            ||            parent              ||
            costTest2           ||            1970-01-01 08:00:00 ||            2018-11-30 10:08:49 ||            1543543729447       ||            costTest            ||
            costTest            ||            2018-11-30 10:08:49 ||            2018-11-30 10:08:49 ||            101                 ||            NULL                ||


                                                                               costly                                                                                         
==========================================================================================================================================================================
            name                ||            start               ||            end                 ||            duration            ||            parent              ||
            costTest2           ||            1970-01-01 08:00:00 ||            2018-11-30 10:08:59 ||            1543543739684       ||            costTest            ||
            costTest            ||            2018-11-30 10:08:56 ||            2018-11-30 10:09:07 ||            10597               ||            NULL                ||


                                                                               costly                                                                                         
==========================================================================================================================================================================
            name                ||            start               ||            end                 ||            duration            ||            parent              ||
            costTest2           ||            1970-01-01 08:00:00 ||            2018-11-30 10:10:10 ||            1543543810243       ||            costTest            ||
            costTest            ||            2018-11-30 10:10:07 ||            2018-11-30 10:10:10 ||            2572                ||            NULL                ||


                                                                               costly                                                                                         
==========================================================================================================================================================================
            name                ||            start               ||            end                 ||            duration            ||            parent              ||
            costTest2           ||            1970-01-01 08:00:00 ||            2018-11-30 10:10:25 ||            1543543825057       ||            costTest            ||
            costTest            ||            2018-11-30 10:10:24 ||            2018-11-30 10:10:26 ||            1360                ||            NULL                ||


                                                                               costly                                                                                         
==========================================================================================================================================================================
            name                ||            start               ||            end                 ||            duration            ||            parent              ||
            costTest2           ||            1970-01-01 08:00:00 ||            2018-11-30 10:13:10 ||            1543543990707       ||            costTest            ||
            costTest            ||            2018-11-30 10:11:45 ||            2018-11-30 10:14:30 ||            164202              ||            NULL                ||


                                                                               costly                                                                                         
==========================================================================================================================================================================
            name                ||            start               ||            end                 ||            duration            ||            parent              ||
            costTest2           ||            2018-11-30 10:14:36 ||            2018-11-30 10:14:36 ||            101                 ||            costTest            ||
            costTest            ||            2018-11-30 10:14:34 ||            2018-11-30 10:14:36 ||            1561                ||            NULL                ||


                                                                               costly                                                                                         
==========================================================================================================================================================================
            name                ||            start               ||            end                 ||            duration            ||            parent              ||
            costTest2           ||            2018-11-30 10:14:54 ||            2018-11-30 10:14:55 ||            102                 ||            costTest            ||
            costTest            ||            2018-11-30 10:14:54 ||            2018-11-30 10:14:55 ||            103                 ||            NULL                ||


                                                                               costly                                                                                         
==========================================================================================================================================================================
            name                ||            start               ||            end                 ||            duration            ||            parent              ||
            costTest2           ||            2018-11-30 10:15:50 ||            2018-11-30 10:15:50 ||            102                 ||            costTest            ||
            costTest            ||            2018-11-30 10:15:50 ||            2018-11-30 10:15:50 ||            102                 ||            NULL                ||
            costTest2           ||            2018-11-30 10:15:50 ||            2018-11-30 10:15:50 ||            102                 ||            costTest            ||
            costTest            ||            2018-11-30 10:15:50 ||            2018-11-30 10:15:50 ||            102                 ||            NULL                ||


                                                                               costly                                                                                         
==========================================================================================================================================================================
            name                ||            start               ||            end                 ||            duration            ||            parent              ||
            costTest2           ||            2018-11-30 10:16:41 ||            2018-11-30 10:16:41 ||            102                 ||            costTest            ||
            costTest            ||            2018-11-30 10:16:41 ||            2018-11-30 10:16:41 ||            103                 ||            NULL                ||
            costTest2           ||            2018-11-30 10:16:41 ||            2018-11-30 10:16:41 ||            202                 ||            costTest            ||
            costTest            ||            2018-11-30 10:16:41 ||            2018-11-30 10:16:41 ||            203                 ||            NULL                ||


                                                                               costly                                                                                         
==========================================================================================================================================================================
            name                ||            start               ||            end                 ||            duration            ||            parent              ||
            costTest2           ||            2018-11-30 10:18:16 ||            2018-11-30 10:18:16 ||            101                 ||            costTest            ||
            costTest            ||            2018-11-30 10:18:16 ||            2018-11-30 10:18:16 ||            102                 ||            NULL                ||
            costTest2           ||            2018-11-30 10:18:16 ||            2018-11-30 10:18:16 ||            202                 ||            costTest            ||
            costTest            ||            2018-11-30 10:18:16 ||            2018-11-30 10:18:16 ||            220                 ||            NULL                ||


                                                                               costly                                                                                         
==========================================================================================================================================================================
            name                ||            start               ||            end                 ||            duration            ||            parent              ||
            costTest2           ||            2018-11-30 10:19:07 ||            2018-11-30 10:19:07 ||            101                 ||            costTest            ||
            costTest            ||            2018-11-30 10:19:07 ||            2018-11-30 10:19:07 ||            102                 ||            NULL                ||
            costTest2           ||            2018-11-30 10:19:07 ||            2018-11-30 10:19:07 ||            201                 ||            costTest            ||
            costTest            ||            2018-11-30 10:19:07 ||            2018-11-30 10:19:07 ||            203                 ||            NULL                ||


                                                                               costly                                                                                         
==========================================================================================================================================================================
            name                ||            start               ||            end                 ||            duration            ||            parent              ||
            costTest2           ||            2018-11-30 10:26:34 ||            2018-11-30 10:26:34 ||            201                 ||            costTest            ||
            costTest            ||            2018-11-30 10:26:34 ||            2018-11-30 10:26:34 ||            201                 ||            NULL                ||


                                                                               costly                                                                                         
==========================================================================================================================================================================
            name                ||            start               ||            end                 ||            duration            ||            parent              ||
            costTest2           ||            2018-11-30 10:27:34 ||            2018-11-30 10:27:34 ||            301                 ||            costTest            ||
            costTest            ||            2018-11-30 10:27:34 ||            2018-11-30 10:27:34 ||            302                 ||            NULL                ||
            costTest2           ||            2018-11-30 10:27:34 ||            2018-11-30 10:27:34 ||            200                 ||            costTest            ||
            costTest            ||            2018-11-30 10:27:34 ||            2018-11-30 10:27:34 ||            201                 ||            NULL                ||


